<?xml version="1.0" encoding="UTF-8"?>
<testng-results ignored="0" total="1" passed="1" failed="0" skipped="0">
  <reporter-output>
  </reporter-output>
  <suite started-at="2025-04-19T00:49:17 IST" name="Default suite" finished-at="2025-04-19T00:49:44 IST" duration-ms="26985">
    <groups>
    </groups>
    <test started-at="2025-04-19T00:49:17 IST" name="Default test" finished-at="2025-04-19T00:49:44 IST" duration-ms="26985">
      <class name="Qafox.Pass">
        <test-method signature="copypassandpastetootherpage()[pri:0, instance:Qafox.Pass@4116aac9]" started-at="2025-04-19T00:49:17 IST" name="copypassandpastetootherpage" finished-at="2025-04-19T00:49:44 IST" duration-ms="26929" status="PASS">
          <reporter-output>
          </reporter-output>
        </test-method> <!-- copypassandpastetootherpage -->
      </class> <!-- Qafox.Pass -->
    </test> <!-- Default test -->
  </suite> <!-- Default suite -->
</testng-results>
